Build started 4/4/2014 6:56:04 AM.
     1>Project "D:\BTP\Stream Sort\Stream Sort\Stream Sort.vcxproj" on node 2 (Build target(s)).
     1>ClCompile:
         C:\Program Files (x86)\Microsoft Visual Studio 11.0\VC\bin\CL.exe /c /ZI /nologo /W3 /WX- /Od /Oy- /D _MBCS /Gm /EHsc /RTC1 /MDd /GS /fp:precise /Zc:wchar_t /Zc:forScope /Fo"Debug\\" /Fd"Debug\vc110.pdb" /Gd /TP /analyze- /errorReport:prompt StreamSort_MST.cpp
         StreamSort_MST.cpp
     1>d:\btp\stream sort\stream sort\streamsort_mst.cpp(103): warning C4244: 'argument' : conversion from '__int64' to 'unsigned int', possible loss of data
     1>d:\btp\stream sort\stream sort\streamsort_mst.cpp(107): warning C4244: 'argument' : conversion from '__int64' to 'unsigned int', possible loss of data
     1>d:\btp\stream sort\stream sort\streamsort_mst.cpp(111): warning C4244: 'argument' : conversion from '__int64' to '__w64 int', possible loss of data
     1>d:\btp\stream sort\stream sort\streamsort_mst.cpp(167): warning C4244: 'argument' : conversion from '__int64' to 'unsigned int', possible loss of data
     1>d:\btp\stream sort\stream sort\streamsort_mst.cpp(203): warning C4244: 'argument' : conversion from '__int64' to 'unsigned int', possible loss of data
     1>d:\btp\stream sort\stream sort\streamsort_mst.cpp(219): warning C4244: 'argument' : conversion from '__int64' to 'unsigned int', possible loss of data
     1>d:\btp\stream sort\stream sort\streamsort_mst.cpp(221): warning C4244: 'argument' : conversion from '__int64' to 'unsigned int', possible loss of data
     1>d:\btp\stream sort\stream sort\streamsort_mst.cpp(224): warning C4244: 'argument' : conversion from '__int64' to 'unsigned int', possible loss of data
     1>d:\btp\stream sort\stream sort\streamsort_mst.cpp(226): warning C4244: 'argument' : conversion from '__int64' to 'unsigned int', possible loss of data
     1>d:\btp\stream sort\stream sort\streamsort_mst.cpp(228): warning C4244: 'argument' : conversion from '__int64' to 'unsigned int', possible loss of data
     1>d:\btp\stream sort\stream sort\streamsort_mst.cpp(230): warning C4244: 'argument' : conversion from '__int64' to 'unsigned int', possible loss of data
     1>d:\btp\stream sort\stream sort\streamsort_mst.cpp(233): warning C4244: 'argument' : conversion from '__int64' to 'unsigned int', possible loss of data
       Link:
         C:\Program Files (x86)\Microsoft Visual Studio 11.0\VC\bin\link.exe /ERRORREPORT:PROMPT /OUT:"D:\BTP\Stream Sort\Debug\Stream Sort.exe" /INCREMENTAL /NOLOGO kernel32.lib user32.lib gdi32.lib winspool.lib comdlg32.lib advapi32.lib shell32.lib ole32.lib oleaut32.lib uuid.lib odbc32.lib odbccp32.lib /MANIFEST /MANIFESTUAC:"level='asInvoker' uiAccess='false'" /manifest:embed /DEBUG /PDB:"D:\BTP\Stream Sort\Debug\Stream Sort.pdb" /TLBID:1 /DYNAMICBASE /NXCOMPAT /IMPLIB:"D:\BTP\Stream Sort\Debug\Stream Sort.lib" /MACHINE:X86 Debug\StreamSort_MST.obj
         Stream Sort.vcxproj -> D:\BTP\Stream Sort\Debug\Stream Sort.exe
     1>Done Building Project "D:\BTP\Stream Sort\Stream Sort\Stream Sort.vcxproj" (Build target(s)).

Build succeeded.

Time Elapsed 00:00:02.32
